This file contains any messages produced by compilers while
running configure, to aid debugging if configure makes a mistake.

It was created by reSID configure 1.0-pre2, which was
generated by GNU Autoconf 2.69.  Invocation command line was

  $ ./configure --disable-option-checking --prefix=/mingw32 CFLAGS=-g -O3 --enable-sdlui --with-png --with-zlib --with-resid --disable-cpuhistory --cache-file=/dev/null --srcdir=.

## --------- ##
## Platform. ##
## --------- ##

hostname = hys
uname -m = x86_64
uname -r = 2.11.1(0.329/5/3)
uname -s = MINGW32_NT-6.1
uname -v = 2018-09-10 14:19

/usr/bin/uname -p = unknown
/bin/uname -X     = unknown

/bin/arch              = x86_64
/usr/bin/arch -k       = unknown
/usr/convex/getsysinfo = unknown
/usr/bin/hostinfo      = unknown
/bin/machine           = unknown
/usr/bin/oslevel       = unknown
/bin/universe          = unknown

PATH: ./
PATH: /mingw32/bin
PATH: /usr/local/bin
PATH: /usr/bin
PATH: /bin
PATH: /c/Windows/System32
PATH: /c/Windows
PATH: /c/Windows/System32/Wbem
PATH: /c/Windows/System32/WindowsPowerShell/v1.0/
PATH: /usr/bin/site_perl
PATH: /usr/bin/vendor_perl
PATH: /usr/bin/core_perl


## ----------- ##
## Core tests. ##
## ----------- ##

configure:2158: loading site script /mingw32/etc/config.site
| # This file is in public domain.
| # Original author: Karlson2k (Evgeny Grin)
| # Written for MSys2/MinGW64 to help running 'configure' scripts
| 
| # Defaults for MinGW64-targeted programs
| 
| # Set proper selfname on bash and fallback to default name on other shells
| test -n "${BASH_SOURCE}" 2>/dev/null && config_site_me="${BASH_SOURCE[0]##*/}" || config_site_me=config.site
| 
| # Set default 'host' to speedup configure
| if test -z "$build_alias"; then
|   build_alias="${MSYSTEM_CHOST-i686-w64-mingw32}"  && \
|     $as_echo "$config_site_me:${as_lineno-$LINENO}: default build_alias set to $build_alias" >&5 
| fi
| 
| # Set default 'prefix' to "/mingw32"
| if ( test -z "$prefix" || test "x$prefix" = "xNONE" ) && \
|    ( test -z "$exec_prefix" || test "x$exec_prefix" = "xNONE" ); then
|   prefix="${MSYSTEM_PREFIX-/mingw32}" && \
|     $as_echo "$config_site_me:${as_lineno-$LINENO}: default prefix set to $prefix" >&5
| fi
config.site:13: default build_alias set to i686-w64-mingw32
configure:2301: checking for a BSD-compatible install
configure:2369: result: /usr/bin/install -c
configure:2380: checking whether build environment is sane
configure:2435: result: yes
configure:2586: checking for a thread-safe mkdir -p
configure:2625: result: /usr/bin/mkdir -p
configure:2632: checking for gawk
configure:2648: found /usr/bin/gawk
configure:2659: result: gawk
configure:2670: checking whether make sets $(MAKE)
configure:2692: result: yes
configure:2721: checking whether make supports nested variables
configure:2738: result: yes
configure:2877: checking build system type
configure:2891: result: i686-w64-mingw32
configure:2911: checking host system type
configure:2924: result: i686-w64-mingw32
configure:3048: checking for g++
configure:3064: found /mingw32/bin/g++
configure:3075: result: g++
configure:3102: checking for C++ compiler version
configure:3111: g++ --version >&5
g++.exe (Rev2, Built by MSYS2 project) 7.3.0
Copyright (C) 2017 Free Software Foundation, Inc.
This is free software; see the source for copying conditions.  There is NO
warranty; not even for MERCHANTABILITY or FITNESS FOR A PARTICULAR PURPOSE.

configure:3122: $? = 0
configure:3111: g++ -v >&5
Using built-in specs.
COLLECT_GCC=C:\msys64\mingw32\bin\g++.exe
COLLECT_LTO_WRAPPER=C:/msys64/mingw32/bin/../lib/gcc/i686-w64-mingw32/7.3.0/lto-wrapper.exe
Target: i686-w64-mingw32
Configured with: ../gcc-7.3.0/configure --prefix=/mingw32 --with-local-prefix=/mingw32/local --build=i686-w64-mingw32 --host=i686-w64-mingw32 --target=i686-w64-mingw32 --with-native-system-header-dir=/mingw32/i686-w64-mingw32/include --libexecdir=/mingw32/lib --enable-bootstrap --with-arch=i686 --with-tune=generic --enable-languages=c,lto,c++,objc,obj-c++,fortran,ada --enable-shared --enable-static --enable-libatomic --enable-threads=posix --enable-graphite --enable-fully-dynamic-string --enable-libstdcxx-time=yes --enable-libstdcxx-filesystem-ts=yes --disable-libstdcxx-pch --disable-libstdcxx-debug --disable-isl-version-check --enable-lto --enable-libgomp --disable-multilib --enable-checking=release --disable-rpath --disable-win32-registry --disable-nls --disable-werror --disable-symvers --with-libiconv --with-system-zlib --with-gmp=/mingw32 --with-mpfr=/mingw32 --with-mpc=/mingw32 --with-isl=/mingw32 --with-pkgversion='Rev2, Built by MSYS2 project' --with-bugurl=https://sourceforge.net/projects/msys2 --with-gnu-as --with-gnu-ld --disable-sjlj-exceptions --with-dwarf2
Thread model: posix
gcc version 7.3.0 (Rev2, Built by MSYS2 project) 
configure:3122: $? = 0
configure:3111: g++ -V >&5
g++.exe: error: unrecognized command line option '-V'
g++.exe: fatal error: no input files
compilation terminated.
configure:3122: $? = 1
configure:3111: g++ -qversion >&5
g++.exe: error: unrecognized command line option '-qversion'; did you mean '--version'?
g++.exe: fatal error: no input files
compilation terminated.
configure:3122: $? = 1
configure:3142: checking whether the C++ compiler works
configure:3164: g++    conftest.cpp  >&5
configure:3168: $? = 0
configure:3216: result: yes
configure:3219: checking for C++ compiler default output file name
configure:3221: result: a.exe
configure:3227: checking for suffix of executables
configure:3234: g++ -o conftest.exe    conftest.cpp  >&5
configure:3238: $? = 0
configure:3260: result: .exe
configure:3282: checking whether we are cross compiling
configure:3290: g++ -o conftest.exe    conftest.cpp  >&5
configure:3294: $? = 0
configure:3301: ./conftest.exe
configure:3305: $? = 0
configure:3320: result: no
configure:3325: checking for suffix of object files
configure:3347: g++ -c   conftest.cpp >&5
configure:3351: $? = 0
configure:3372: result: o
configure:3376: checking whether we are using the GNU C++ compiler
configure:3395: g++ -c   conftest.cpp >&5
configure:3395: $? = 0
configure:3404: result: yes
configure:3413: checking whether g++ accepts -g
configure:3433: g++ -c -g  conftest.cpp >&5
configure:3433: $? = 0
configure:3474: result: yes
configure:3508: checking for style of include used by make
configure:3536: result: GNU
configure:3562: checking dependency style of g++
configure:3673: result: gcc3
configure:3693: checking if the compiler supports -march=native
configure:3709: g++ -c -g -O2 -march=native  conftest.cpp >&5
configure:3709: $? = 0
configure:3710: result: yes
configure:3753: checking whether g++ accepts -g -Wall -O3 -march=native -ffast-math -fno-exceptions
configure:3759: g++ -c -g -Wall -O3 -march=native -ffast-math -fno-exceptions  conftest.cpp >&5
configure:3759: $? = 0
configure:3760: result: yes
configure:3795: checking for ar
configure:3811: found /mingw32/bin/ar
configure:3823: result: ar
configure:3874: checking for ranlib
configure:3890: found /mingw32/bin/ranlib
configure:3901: result: ranlib
configure:3925: checking for perl
configure:3943: found /usr/bin/perl
configure:3955: result: /usr/bin/perl
configure:3970: checking how to run the C++ preprocessor
configure:3997: g++ -E  conftest.cpp
configure:3997: $? = 0
configure:4011: g++ -E  conftest.cpp
conftest.cpp:11:10: fatal error: ac_nonexistent.h: No such file or directory
 #include <ac_nonexistent.h>
          ^~~~~~~~~~~~~~~~~~
compilation terminated.
configure:4011: $? = 1
configure: failed program was:
| /* confdefs.h */
| #define PACKAGE_NAME "reSID"
| #define PACKAGE_TARNAME "resid"
| #define PACKAGE_VERSION "1.0-pre2"
| #define PACKAGE_STRING "reSID 1.0-pre2"
| #define PACKAGE_BUGREPORT "resid@nimrod.no"
| #define PACKAGE_URL ""
| #define PACKAGE "resid"
| #define VERSION "1.0-pre2"
| /* end confdefs.h.  */
| #include <ac_nonexistent.h>
configure:4036: result: g++ -E
configure:4056: g++ -E  conftest.cpp
configure:4056: $? = 0
configure:4070: g++ -E  conftest.cpp
conftest.cpp:11:10: fatal error: ac_nonexistent.h: No such file or directory
 #include <ac_nonexistent.h>
          ^~~~~~~~~~~~~~~~~~
compilation terminated.
configure:4070: $? = 1
configure: failed program was:
| /* confdefs.h */
| #define PACKAGE_NAME "reSID"
| #define PACKAGE_TARNAME "resid"
| #define PACKAGE_VERSION "1.0-pre2"
| #define PACKAGE_STRING "reSID 1.0-pre2"
| #define PACKAGE_BUGREPORT "resid@nimrod.no"
| #define PACKAGE_URL ""
| #define PACKAGE "resid"
| #define VERSION "1.0-pre2"
| /* end confdefs.h.  */
| #include <ac_nonexistent.h>
configure:4099: checking for grep that handles long lines and -e
configure:4157: result: /usr/bin/grep
configure:4162: checking for egrep
configure:4224: result: /usr/bin/grep -E
configure:4229: checking for ANSI C header files
configure:4249: g++ -c -g -Wall -O3 -march=native -ffast-math -fno-exceptions  conftest.cpp >&5
configure:4249: $? = 0
configure:4322: g++ -o conftest.exe -g -Wall -O3 -march=native -ffast-math -fno-exceptions   conftest.cpp  >&5
configure:4322: $? = 0
configure:4322: ./conftest.exe
configure:4322: $? = 0
configure:4333: result: yes
configure:4346: checking for sys/types.h
configure:4346: g++ -c -g -Wall -O3 -march=native -ffast-math -fno-exceptions  conftest.cpp >&5
configure:4346: $? = 0
configure:4346: result: yes
configure:4346: checking for sys/stat.h
configure:4346: g++ -c -g -Wall -O3 -march=native -ffast-math -fno-exceptions  conftest.cpp >&5
configure:4346: $? = 0
configure:4346: result: yes
configure:4346: checking for stdlib.h
configure:4346: g++ -c -g -Wall -O3 -march=native -ffast-math -fno-exceptions  conftest.cpp >&5
configure:4346: $? = 0
configure:4346: result: yes
configure:4346: checking for string.h
configure:4346: g++ -c -g -Wall -O3 -march=native -ffast-math -fno-exceptions  conftest.cpp >&5
configure:4346: $? = 0
configure:4346: result: yes
configure:4346: checking for memory.h
configure:4346: g++ -c -g -Wall -O3 -march=native -ffast-math -fno-exceptions  conftest.cpp >&5
configure:4346: $? = 0
configure:4346: result: yes
configure:4346: checking for strings.h
configure:4346: g++ -c -g -Wall -O3 -march=native -ffast-math -fno-exceptions  conftest.cpp >&5
configure:4346: $? = 0
configure:4346: result: yes
configure:4346: checking for inttypes.h
configure:4346: g++ -c -g -Wall -O3 -march=native -ffast-math -fno-exceptions  conftest.cpp >&5
configure:4346: $? = 0
configure:4346: result: yes
configure:4346: checking for stdint.h
configure:4346: g++ -c -g -Wall -O3 -march=native -ffast-math -fno-exceptions  conftest.cpp >&5
configure:4346: $? = 0
configure:4346: result: yes
configure:4346: checking for unistd.h
configure:4346: g++ -c -g -Wall -O3 -march=native -ffast-math -fno-exceptions  conftest.cpp >&5
configure:4346: $? = 0
configure:4346: result: yes
configure:4358: checking math.h usability
configure:4358: g++ -c -g -Wall -O3 -march=native -ffast-math -fno-exceptions  conftest.cpp >&5
configure:4358: $? = 0
configure:4358: result: yes
configure:4358: checking math.h presence
configure:4358: g++ -E  conftest.cpp
configure:4358: $? = 0
configure:4358: result: yes
configure:4358: checking for math.h
configure:4358: result: yes
configure:4371: checking size of int
configure:4376: g++ -o conftest.exe -g -Wall -O3 -march=native -ffast-math -fno-exceptions   conftest.cpp  >&5
configure:4376: $? = 0
configure:4376: ./conftest.exe
configure:4376: $? = 0
configure:4390: result: 4
configure:4405: checking for working bool
configure:4414: g++ -c -g -Wall -O3 -march=native -ffast-math -fno-exceptions  conftest.cpp >&5
configure:4414: $? = 0
configure:4421: result: yes
configure:4432: checking for __builtin_expect
configure:4441: g++ -c -g -Wall -O3 -march=native -ffast-math -fno-exceptions  conftest.cpp >&5
conftest.cpp: In function 'int main()':
conftest.cpp:22:30: warning: statement has no effect [-Wunused-value]
 int main() { __builtin_expect(0, 0); }
              ~~~~~~~~~~~~~~~~^~~~~~
configure:4441: $? = 0
configure:4448: result: yes
configure:4459: checking for log1p
configure:4475: g++ -c -g -Wall -O3 -march=native -ffast-math -fno-exceptions  conftest.cpp >&5
configure:4475: $? = 0
configure:4482: result: yes
configure:4640: checking that generated files are newer than configure
configure:4646: result: done
configure:4669: creating ./config.status

## ---------------------- ##
## Running config.status. ##
## ---------------------- ##

This file was extended by reSID config.status 1.0-pre2, which was
generated by GNU Autoconf 2.69.  Invocation command line was

  CONFIG_FILES    = 
  CONFIG_HEADERS  = 
  CONFIG_LINKS    = 
  CONFIG_COMMANDS = 
  $ ./config.status 

on hys

config.status:795: creating Makefile
config.status:795: creating siddefs.h
config.status:967: executing depfiles commands

## ---------------- ##
## Cache variables. ##
## ---------------- ##

ac_cv_build=i686-w64-mingw32
ac_cv_cxx_compiler_gnu=yes
ac_cv_env_CCC_set=
ac_cv_env_CCC_value=
ac_cv_env_CPPFLAGS_set=
ac_cv_env_CPPFLAGS_value=
ac_cv_env_CXXCPP_set=
ac_cv_env_CXXCPP_value=
ac_cv_env_CXXFLAGS_set=
ac_cv_env_CXXFLAGS_value=
ac_cv_env_CXX_set=
ac_cv_env_CXX_value=
ac_cv_env_LDFLAGS_set=
ac_cv_env_LDFLAGS_value=
ac_cv_env_LIBS_set=
ac_cv_env_LIBS_value=
ac_cv_env_build_alias_set=
ac_cv_env_build_alias_value=
ac_cv_env_host_alias_set=
ac_cv_env_host_alias_value=
ac_cv_env_target_alias_set=
ac_cv_env_target_alias_value=
ac_cv_exeext=.exe
ac_cv_header_inttypes_h=yes
ac_cv_header_math_h=yes
ac_cv_header_memory_h=yes
ac_cv_header_stdc=yes
ac_cv_header_stdint_h=yes
ac_cv_header_stdlib_h=yes
ac_cv_header_string_h=yes
ac_cv_header_strings_h=yes
ac_cv_header_sys_stat_h=yes
ac_cv_header_sys_types_h=yes
ac_cv_header_unistd_h=yes
ac_cv_host=i686-w64-mingw32
ac_cv_objext=o
ac_cv_path_EGREP='/usr/bin/grep -E'
ac_cv_path_GREP=/usr/bin/grep
ac_cv_path_PERL=/usr/bin/perl
ac_cv_path_install='/usr/bin/install -c'
ac_cv_path_mkdir=/usr/bin/mkdir
ac_cv_prog_AR=ar
ac_cv_prog_AWK=gawk
ac_cv_prog_CXXCPP='g++ -E'
ac_cv_prog_ac_ct_CXX=g++
ac_cv_prog_ac_ct_RANLIB=ranlib
ac_cv_prog_cxx_g=yes
ac_cv_prog_make_make_set=yes
ac_cv_sizeof_int=4
am_cv_CXX_dependencies_compiler_type=gcc3
am_cv_make_support_nested_variables=yes
resid_cv_builtin_expect=yes
resid_cv_cxx_bool=yes
resid_cv_log1p=yes

## ----------------- ##
## Output variables. ##
## ----------------- ##

ACLOCAL='${SHELL} /home/ass/c64/vice-3.3/missing aclocal-1.15'
AMDEPBACKSLASH='\'
AMDEP_FALSE='#'
AMDEP_TRUE=''
AMTAR='$${TAR-tar}'
AM_BACKSLASH='\'
AM_DEFAULT_V='$(AM_DEFAULT_VERBOSITY)'
AM_DEFAULT_VERBOSITY='1'
AM_V='$(V)'
AR='ar'
AUTOCONF='${SHELL} /home/ass/c64/vice-3.3/missing autoconf'
AUTOHEADER='${SHELL} /home/ass/c64/vice-3.3/missing autoheader'
AUTOMAKE='${SHELL} /home/ass/c64/vice-3.3/missing automake-1.15'
AWK='gawk'
CPPFLAGS=''
CXX='g++'
CXXCPP='g++ -E'
CXXDEPMODE='depmode=gcc3'
CXXFLAGS='-g -Wall -O3 -march=native -ffast-math -fno-exceptions'
CYGPATH_W='cygpath -w'
DEFS='-DPACKAGE_NAME=\"reSID\" -DPACKAGE_TARNAME=\"resid\" -DPACKAGE_VERSION=\"1.0-pre2\" -DPACKAGE_STRING=\"reSID\ 1.0-pre2\" -DPACKAGE_BUGREPORT=\"resid@nimrod.no\" -DPACKAGE_URL=\"\" -DPACKAGE=\"resid\" -DVERSION=\"1.0-pre2\" -DSTDC_HEADERS=1 -DHAVE_SYS_TYPES_H=1 -DHAVE_SYS_STAT_H=1 -DHAVE_STDLIB_H=1 -DHAVE_STRING_H=1 -DHAVE_MEMORY_H=1 -DHAVE_STRINGS_H=1 -DHAVE_INTTYPES_H=1 -DHAVE_STDINT_H=1 -DHAVE_UNISTD_H=1 -DSIZEOF_INT=4'
DEPDIR='.deps'
ECHO_C=''
ECHO_N='-n'
ECHO_T=''
EGREP='/usr/bin/grep -E'
EXEEXT='.exe'
GREP='/usr/bin/grep'
HAVE_BOOL='1'
HAVE_BUILTIN_EXPECT='1'
HAVE_LOG1P='1'
INSTALL_DATA='${INSTALL} -m 644'
INSTALL_PROGRAM='${INSTALL}'
INSTALL_SCRIPT='${INSTALL}'
INSTALL_STRIP_PROGRAM='$(install_sh) -c -s'
LDFLAGS=''
LIBOBJS=''
LIBS=''
LTLIBOBJS=''
MAKEINFO='${SHELL} /home/ass/c64/vice-3.3/missing makeinfo'
MKDIR_P='/usr/bin/mkdir -p'
OBJEXT='o'
PACKAGE='resid'
PACKAGE_BUGREPORT='resid@nimrod.no'
PACKAGE_NAME='reSID'
PACKAGE_STRING='reSID 1.0-pre2'
PACKAGE_TARNAME='resid'
PACKAGE_URL=''
PACKAGE_VERSION='1.0-pre2'
PATH_SEPARATOR=':'
PERL='/usr/bin/perl'
RANLIB='ranlib'
RESID_BRANCH_HINTS='1'
RESID_INLINE='inline'
RESID_INLINING='1'
SET_MAKE=''
SHELL='/bin/sh'
STRIP=''
VERSION='1.0-pre2'
ac_ct_CXX='g++'
am__EXEEXT_FALSE='#'
am__EXEEXT_TRUE=''
am__fastdepCXX_FALSE='#'
am__fastdepCXX_TRUE=''
am__include='include'
am__isrc=''
am__leading_dot='.'
am__nodep='_no'
am__quote=''
am__tar='$${TAR-tar} chof - "$$tardir"'
am__untar='$${TAR-tar} xf -'
bindir='${exec_prefix}/bin'
build='i686-w64-mingw32'
build_alias='i686-w64-mingw32'
build_cpu='i686'
build_os='mingw32'
build_vendor='w64'
datadir='${datarootdir}'
datarootdir='${prefix}/share'
docdir='${datarootdir}/doc/${PACKAGE_TARNAME}'
dvidir='${docdir}'
exec_prefix='${prefix}'
host='i686-w64-mingw32'
host_alias=''
host_cpu='i686'
host_os='mingw32'
host_vendor='w64'
htmldir='${docdir}'
includedir='${prefix}/include'
infodir='${datarootdir}/info'
install_sh='${SHELL} /home/ass/c64/vice-3.3/install-sh'
libdir='${exec_prefix}/lib'
libexecdir='${exec_prefix}/libexec'
localedir='${datarootdir}/locale'
localstatedir='${prefix}/var'
mandir='${datarootdir}/man'
mkdir_p='$(MKDIR_P)'
oldincludedir='/usr/include'
pdfdir='${docdir}'
prefix='/mingw32'
program_transform_name='s,x,x,'
psdir='${docdir}'
runstatedir='${localstatedir}/run'
sbindir='${exec_prefix}/sbin'
sharedstatedir='${prefix}/com'
sysconfdir='${prefix}/etc'
target_alias=''

## ----------- ##
## confdefs.h. ##
## ----------- ##

/* confdefs.h */
#define PACKAGE_NAME "reSID"
#define PACKAGE_TARNAME "resid"
#define PACKAGE_VERSION "1.0-pre2"
#define PACKAGE_STRING "reSID 1.0-pre2"
#define PACKAGE_BUGREPORT "resid@nimrod.no"
#define PACKAGE_URL ""
#define PACKAGE "resid"
#define VERSION "1.0-pre2"
#define STDC_HEADERS 1
#define HAVE_SYS_TYPES_H 1
#define HAVE_SYS_STAT_H 1
#define HAVE_STDLIB_H 1
#define HAVE_STRING_H 1
#define HAVE_MEMORY_H 1
#define HAVE_STRINGS_H 1
#define HAVE_INTTYPES_H 1
#define HAVE_STDINT_H 1
#define HAVE_UNISTD_H 1
#define SIZEOF_INT 4

configure: exit 0
